c:\users\raj\downloads\g2d\debug\vc143.pdb
c:\users\raj\downloads\g2d\debug\vc143.idb
c:\users\raj\onedrive - esiee paris\desktop\g2d\debug\vc143.pdb
c:\users\raj\onedrive - esiee paris\desktop\g2d\debug\vc143.idb
c:\users\raj\onedrive - esiee paris\desktop\g2d\debug\v2.obj
c:\users\raj\onedrive - esiee paris\desktop\g2d\debug\glutimport.obj
c:\users\raj\onedrive - esiee paris\desktop\g2d\debug\g2dppm.obj
c:\users\raj\onedrive - esiee paris\desktop\g2d\debug\g2dx.obj
c:\users\raj\onedrive - esiee paris\desktop\g2d\debug\g2dmouse.obj
c:\users\raj\onedrive - esiee paris\desktop\g2d\debug\g2dkey.obj
c:\users\raj\onedrive - esiee paris\desktop\g2d\debug\g2dmain.obj
c:\users\raj\onedrive - esiee paris\desktop\g2d\debug\g2dcolor.obj
c:\users\raj\onedrive - esiee paris\desktop\g2d\debug\eleve.obj
c:\users\raj\onedrive - esiee paris\desktop\g2d\debug\g2d.exe
c:\users\raj\onedrive - esiee paris\desktop\g2d\debug\g2d.ilk
c:\users\raj\onedrive - esiee paris\desktop\g2d\debug\g2d.pdb
c:\users\raj\onedrive - esiee paris\desktop\g2d\debug\eleve.obj.enc
c:\users\raj\onedrive - esiee paris\desktop\g2d\debug\g2d.tlog\cl.command.1.tlog
c:\users\raj\onedrive - esiee paris\desktop\g2d\debug\g2d.tlog\cl.read.1.tlog
c:\users\raj\onedrive - esiee paris\desktop\g2d\debug\g2d.tlog\cl.write.1.tlog
c:\users\raj\onedrive - esiee paris\desktop\g2d\debug\g2d.tlog\link.command.1.tlog
c:\users\raj\onedrive - esiee paris\desktop\g2d\debug\g2d.tlog\link.read.1.tlog
c:\users\raj\onedrive - esiee paris\desktop\g2d\debug\g2d.tlog\link.write.1.tlog
